<?xml version="1.0" encoding="UTF-8"?>
<!-- Generated by org.testng.reporters.JUnitXMLReporter -->
<testsuite hostname="HDC4-D-38RYQG2" ignored="2" name="Test" tests="1" failures="0" timestamp="2019-10-29T17:54:37 IST" time="0.12" errors="0">
  <testcase name="forgotPassword" time="0.025" classname="Testmaven.testNGgrouping$testNG"/>
  <testcase name="login" time="0.0" classname="Testmaven.testNGgrouping$testNG">
    <ignored/>
  </testcase> <!-- login -->
  <testcase name="signUp" time="0.0" classname="Testmaven.testNGgrouping$testNG">
    <ignored/>
  </testcase> <!-- signUp -->
</testsuite> <!-- Test -->
